#-----------------------------------------------------------
# Webtalk v2018.2 (64-bit)
# SW Build 2258646 on Thu Jun 14 20:02:38 MDT 2018
# 
# Start of session at: Tue Apr 23 11:09:46 2019
# Process ID: 2229
# Current directory: /home/jacoboffersen/Repos/inverter/inverter.sdk/webtalk
# Command line: wbtcv -mode batch -source sdk_webtalk.tcl
# Log file: /home/jacoboffersen/Repos/inverter/inverter.sdk/webtalk/webtalk.log
# Journal file: /home/jacoboffersen/Repos/inverter/inverter.sdk/webtalk/webtalk.jou
#-----------------------------------------------------------
source sdk_webtalk.tcl
# webtalk_init -webtalk_dir /home/jacoboffersen/Repos/inverter/inverter.sdk/webtalk
# webtalk_register_client -client project
# webtalk_add_data -client project -key date_generated -value "2019-04-23 11:09:45" -context "software_version_and_target_device"
# webtalk_add_data -client project -key product_version -value "SDK v2018.2" -context "software_version_and_target_device"
# webtalk_add_data -client project -key build_version -value "2018.2" -context "software_version_and_target_device"
# webtalk_add_data -client project -key os_platform -value "amd64" -context "software_version_and_target_device"
# webtalk_add_data -client project -key registration_id -value "210779069_174157381_210698700_040" -context "software_version_and_target_device"
# webtalk_add_data -client project -key tool_flow -value "SDK" -context "software_version_and_target_device"
# webtalk_add_data -client project -key beta -value "false" -context "software_version_and_target_device"
# webtalk_add_data -client project -key route_design -value "NA" -context "software_version_and_target_device"
# webtalk_add_data -client project -key target_family -value "NA" -context "software_version_and_target_device"
# webtalk_add_data -client project -key target_device -value "NA" -context "software_version_and_target_device"
# webtalk_add_data -client project -key target_package -value "NA" -context "software_version_and_target_device"
# webtalk_add_data -client project -key target_speed -value "NA" -context "software_version_and_target_device"
# webtalk_add_data -client project -key random_id -value "f7v9j0i7919la1cbm9bu9snj9h" -context "software_version_and_target_device"
# webtalk_add_data -client project -key project_id -value "2018.2_6" -context "software_version_and_target_device"
# webtalk_add_data -client project -key project_iteration -value "6" -context "software_version_and_target_device"
# webtalk_add_data -client project -key os_name -value "Ubuntu" -context "user_environment"
# webtalk_add_data -client project -key os_release -value "Ubuntu 18.04.2 LTS" -context "user_environment"
# webtalk_add_data -client project -key cpu_name -value "Intel(R) Core(TM) i7-8550U CPU @ 1.80GHz" -context "user_environment"
# webtalk_add_data -client project -key cpu_speed -value "3017.674 MHz" -context "user_environment"
# webtalk_add_data -client project -key total_processors -value "1" -context "user_environment"
# webtalk_add_data -client project -key system_ram -value "16.680 GB" -context "user_environment"
# webtalk_register_client -client sdk
# webtalk_add_data -client sdk -key uid -value "1556007508000" -context "sdk\\\\bsp/1556007508000"
# webtalk_add_data -client sdk -key hwid -value "1556005649000" -context "sdk\\\\bsp/1556007508000"
# webtalk_add_data -client sdk -key os -value "standalone" -context "sdk\\\\bsp/1556007508000"
# webtalk_add_data -client sdk -key apptemplate -value "hello_world" -context "sdk\\\\bsp/1556007508000"
# webtalk_add_data -client sdk -key RecordType -value "BSPCreation" -context "sdk\\\\bsp/1556007508000"
# webtalk_add_data -client sdk -key uid -value "1556007509000" -context "sdk\\\\application/1556007509000"
# webtalk_add_data -client sdk -key hwid -value "1556005649000" -context "sdk\\\\application/1556007509000"
# webtalk_add_data -client sdk -key bspid -value "1556007508000" -context "sdk\\\\application/1556007509000"
# webtalk_add_data -client sdk -key newbsp -value "true" -context "sdk\\\\application/1556007509000"
# webtalk_add_data -client sdk -key os -value "standalone" -context "sdk\\\\application/1556007509000"
# webtalk_add_data -client sdk -key apptemplate -value "hello_world" -context "sdk\\\\application/1556007509000"
# webtalk_add_data -client sdk -key RecordType -value "APPCreation" -context "sdk\\\\application/1556007509000"
# webtalk_add_data -client sdk -key LangUsed -value "C" -context "sdk\\\\application/1556007509000"
# webtalk_add_data -client sdk -key Procused -value "ps7_cortexa9" -context "sdk\\\\application/1556007509000"
# webtalk_add_data -client sdk -key uid -value "1556008249000" -context "sdk\\\\bsp/1556008249000"
# webtalk_add_data -client sdk -key hwid -value "1556005649000" -context "sdk\\\\bsp/1556008249000"
# webtalk_add_data -client sdk -key os -value "standalone" -context "sdk\\\\bsp/1556008249000"
# webtalk_add_data -client sdk -key apptemplate -value "hello_world" -context "sdk\\\\bsp/1556008249000"
# webtalk_add_data -client sdk -key RecordType -value "BSPCreation" -context "sdk\\\\bsp/1556008249000"
# webtalk_add_data -client sdk -key uid -value "1556008250000" -context "sdk\\\\application/1556008250000"
# webtalk_add_data -client sdk -key hwid -value "1556005649000" -context "sdk\\\\application/1556008250000"
# webtalk_add_data -client sdk -key bspid -value "1556008249000" -context "sdk\\\\application/1556008250000"
# webtalk_add_data -client sdk -key newbsp -value "true" -context "sdk\\\\application/1556008250000"
# webtalk_add_data -client sdk -key os -value "standalone" -context "sdk\\\\application/1556008250000"
# webtalk_add_data -client sdk -key apptemplate -value "hello_world" -context "sdk\\\\application/1556008250000"
# webtalk_add_data -client sdk -key RecordType -value "APPCreation" -context "sdk\\\\application/1556008250000"
# webtalk_add_data -client sdk -key LangUsed -value "C" -context "sdk\\\\application/1556008250000"
# webtalk_add_data -client sdk -key Procused -value "ps7_cortexa9" -context "sdk\\\\application/1556008250000"
# webtalk_add_data -client sdk -key uid -value "NA" -context "sdk\\\\bsp/1556010585100"
# webtalk_add_data -client sdk -key RecordType -value "ToolUsage" -context "sdk\\\\bsp/1556010585100"
# webtalk_add_data -client sdk -key BootgenCount -value "0" -context "sdk\\\\bsp/1556010585100"
# webtalk_add_data -client sdk -key DebugCount -value "6" -context "sdk\\\\bsp/1556010585100"
# webtalk_add_data -client sdk -key PerfCount -value "0" -context "sdk\\\\bsp/1556010585100"
# webtalk_add_data -client sdk -key FlashCount -value "0" -context "sdk\\\\bsp/1556010585100"
# webtalk_add_data -client sdk -key CrossTriggCount -value "0" -context "sdk\\\\bsp/1556010585100"
# webtalk_add_data -client sdk -key QemuDebugCount -value "0" -context "sdk\\\\bsp/1556010585100"
# webtalk_transmit -clientid 1299536087 -regid "210779069_174157381_210698700_040" -xml /home/jacoboffersen/Repos/inverter/inverter.sdk/webtalk/usage_statistics_ext_sdk.xml -html /home/jacoboffersen/Repos/inverter/inverter.sdk/webtalk/usage_statistics_ext_sdk.html -wdm /home/jacoboffersen/Repos/inverter/inverter.sdk/webtalk/sdk_webtalk.wdm -intro "<H3>SDK Usage Report</H3><BR>"
# webtalk_terminate
INFO: [Common 17-206] Exiting Webtalk at Tue Apr 23 11:09:46 2019...
