
*** Running vivado
    with args -log top.vds -m64 -product Vivado -mode batch -messageDb vivado.pb -notrace -source top.tcl


****** Vivado v2018.2 (64-bit)
  **** SW Build 2258646 on Thu Jun 14 20:02:38 MDT 2018
  **** IP Build 2256618 on Thu Jun 14 22:10:49 MDT 2018
    ** Copyright 1986-2018 Xilinx, Inc. All Rights Reserved.

source top.tcl -notrace
INFO: [IP_Flow 19-234] Refreshing IP repositories
INFO: [IP_Flow 19-1704] No user IP repositories specified
INFO: [IP_Flow 19-2313] Loaded Vivado IP repository '/home/jacoboffersen/Program/vivado20182/Vivado/2018.2/data/ip'.
Command: synth_design -top top -part xc7z010clg400-1
Starting synth_design
Attempting to get a license for feature 'Synthesis' and/or device 'xc7z010'
INFO: [Common 17-349] Got license for feature 'Synthesis' and/or device 'xc7z010'
INFO: Launching helper process for spawning children vivado processes
INFO: Helper process launched with PID 29939 
---------------------------------------------------------------------------------
Starting RTL Elaboration : Time (s): cpu = 00:00:03 ; elapsed = 00:00:03 . Memory (MB): peak = 1364.523 ; gain = 89.895 ; free physical = 1944 ; free virtual = 56900
---------------------------------------------------------------------------------
INFO: [Synth 8-638] synthesizing module 'top' [/home/jacoboffersen/Repos/inverter/src/top.vhd:17]
INFO: [Synth 8-226] default block is never used [/home/jacoboffersen/Repos/inverter/src/top.vhd:60]
INFO: [Synth 8-3491] module 'pwm_dual' declared at '/home/jacoboffersen/Repos/inverter/src/pwm_dual.vhd:16' bound to instance 'pwm_dual0' of component 'pwm_dual' [/home/jacoboffersen/Repos/inverter/src/top.vhd:87]
INFO: [Synth 8-638] synthesizing module 'pwm_dual' [/home/jacoboffersen/Repos/inverter/src/pwm_dual.vhd:26]
INFO: [Synth 8-256] done synthesizing module 'pwm_dual' (1#1) [/home/jacoboffersen/Repos/inverter/src/pwm_dual.vhd:26]
INFO: [Synth 8-3491] module 'pwm_dual' declared at '/home/jacoboffersen/Repos/inverter/src/pwm_dual.vhd:16' bound to instance 'pwm_dual1' of component 'pwm_dual' [/home/jacoboffersen/Repos/inverter/src/top.vhd:98]
INFO: [Synth 8-3491] module 'mem_interface' declared at '/home/jacoboffersen/Repos/inverter/src/mem_interface.vhd:7' bound to instance 'mem_interface0' of component 'mem_interface' [/home/jacoboffersen/Repos/inverter/src/top.vhd:119]
INFO: [Synth 8-638] synthesizing module 'mem_interface' [/home/jacoboffersen/Repos/inverter/src/mem_interface.vhd:12]
WARNING: [Synth 8-5640] Port 'bram_portb_0_din' is missing in component declaration [/home/jacoboffersen/Repos/inverter/src/mem_interface.vhd:14]
WARNING: [Synth 8-5640] Port 'bram_portb_0_rst' is missing in component declaration [/home/jacoboffersen/Repos/inverter/src/mem_interface.vhd:14]
WARNING: [Synth 8-5640] Port 'bram_portb_0_we' is missing in component declaration [/home/jacoboffersen/Repos/inverter/src/mem_interface.vhd:14]
WARNING: [Synth 8-5640] Port 'ddr_addr' is missing in component declaration [/home/jacoboffersen/Repos/inverter/src/mem_interface.vhd:14]
WARNING: [Synth 8-5640] Port 'ddr_ba' is missing in component declaration [/home/jacoboffersen/Repos/inverter/src/mem_interface.vhd:14]
WARNING: [Synth 8-5640] Port 'ddr_cas_n' is missing in component declaration [/home/jacoboffersen/Repos/inverter/src/mem_interface.vhd:14]
WARNING: [Synth 8-5640] Port 'ddr_ck_n' is missing in component declaration [/home/jacoboffersen/Repos/inverter/src/mem_interface.vhd:14]
WARNING: [Synth 8-5640] Port 'ddr_ck_p' is missing in component declaration [/home/jacoboffersen/Repos/inverter/src/mem_interface.vhd:14]
WARNING: [Synth 8-5640] Port 'ddr_cke' is missing in component declaration [/home/jacoboffersen/Repos/inverter/src/mem_interface.vhd:14]
WARNING: [Synth 8-5640] Port 'ddr_cs_n' is missing in component declaration [/home/jacoboffersen/Repos/inverter/src/mem_interface.vhd:14]
WARNING: [Synth 8-5640] Port 'ddr_dm' is missing in component declaration [/home/jacoboffersen/Repos/inverter/src/mem_interface.vhd:14]
WARNING: [Synth 8-5640] Port 'ddr_dq' is missing in component declaration [/home/jacoboffersen/Repos/inverter/src/mem_interface.vhd:14]
WARNING: [Synth 8-5640] Port 'ddr_dqs_n' is missing in component declaration [/home/jacoboffersen/Repos/inverter/src/mem_interface.vhd:14]
WARNING: [Synth 8-5640] Port 'ddr_dqs_p' is missing in component declaration [/home/jacoboffersen/Repos/inverter/src/mem_interface.vhd:14]
WARNING: [Synth 8-5640] Port 'ddr_odt' is missing in component declaration [/home/jacoboffersen/Repos/inverter/src/mem_interface.vhd:14]
WARNING: [Synth 8-5640] Port 'ddr_ras_n' is missing in component declaration [/home/jacoboffersen/Repos/inverter/src/mem_interface.vhd:14]
WARNING: [Synth 8-5640] Port 'ddr_reset_n' is missing in component declaration [/home/jacoboffersen/Repos/inverter/src/mem_interface.vhd:14]
WARNING: [Synth 8-5640] Port 'ddr_we_n' is missing in component declaration [/home/jacoboffersen/Repos/inverter/src/mem_interface.vhd:14]
WARNING: [Synth 8-5640] Port 'fixed_io_ddr_vrn' is missing in component declaration [/home/jacoboffersen/Repos/inverter/src/mem_interface.vhd:14]
WARNING: [Synth 8-5640] Port 'fixed_io_ddr_vrp' is missing in component declaration [/home/jacoboffersen/Repos/inverter/src/mem_interface.vhd:14]
WARNING: [Synth 8-5640] Port 'fixed_io_mio' is missing in component declaration [/home/jacoboffersen/Repos/inverter/src/mem_interface.vhd:14]
WARNING: [Synth 8-5640] Port 'fixed_io_ps_clk' is missing in component declaration [/home/jacoboffersen/Repos/inverter/src/mem_interface.vhd:14]
WARNING: [Synth 8-5640] Port 'fixed_io_ps_porb' is missing in component declaration [/home/jacoboffersen/Repos/inverter/src/mem_interface.vhd:14]
WARNING: [Synth 8-5640] Port 'fixed_io_ps_srstb' is missing in component declaration [/home/jacoboffersen/Repos/inverter/src/mem_interface.vhd:14]
INFO: [Synth 8-3491] module 'design_1_wrapper' declared at '/home/jacoboffersen/Repos/inverter/inverter.srcs/sources_1/bd/design_1/hdl/design_1_wrapper.vhd:14' bound to instance 'design_1_wrapper0' of component 'design_1_wrapper' [/home/jacoboffersen/Repos/inverter/src/mem_interface.vhd:129]
INFO: [Synth 8-638] synthesizing module 'design_1_wrapper' [/home/jacoboffersen/Repos/inverter/inverter.srcs/sources_1/bd/design_1/hdl/design_1_wrapper.vhd:47]
INFO: [Synth 8-3491] module 'design_1' declared at '/home/jacoboffersen/Repos/inverter/inverter.srcs/sources_1/bd/design_1/synth/design_1.vhd:14' bound to instance 'design_1_i' of component 'design_1' [/home/jacoboffersen/Repos/inverter/inverter.srcs/sources_1/bd/design_1/hdl/design_1_wrapper.vhd:81]
INFO: [Synth 8-638] synthesizing module 'design_1' [/home/jacoboffersen/Repos/inverter/inverter.srcs/sources_1/bd/design_1/synth/design_1.vhd:51]
INFO: [Synth 8-3491] module 'design_1_axi_bram_ctrl_0_0' declared at '/home/jacoboffersen/Repos/inverter/inverter.runs/synth_1/.Xil/Vivado-29374-jacoboffersen/realtime/design_1_axi_bram_ctrl_0_0_stub.vhdl:5' bound to instance 'axi_bram_ctrl_0' of component 'design_1_axi_bram_ctrl_0_0' [/home/jacoboffersen/Repos/inverter/inverter.srcs/sources_1/bd/design_1/synth/design_1.vhd:568]
INFO: [Synth 8-638] synthesizing module 'design_1_axi_bram_ctrl_0_0' [/home/jacoboffersen/Repos/inverter/inverter.runs/synth_1/.Xil/Vivado-29374-jacoboffersen/realtime/design_1_axi_bram_ctrl_0_0_stub.vhdl:51]
INFO: [Synth 8-3491] module 'design_1_axi_smc_0' declared at '/home/jacoboffersen/Repos/inverter/inverter.runs/synth_1/.Xil/Vivado-29374-jacoboffersen/realtime/design_1_axi_smc_0_stub.vhdl:5' bound to instance 'axi_smc' of component 'design_1_axi_smc_0' [/home/jacoboffersen/Repos/inverter/inverter.srcs/sources_1/bd/design_1/synth/design_1.vhd:611]
INFO: [Synth 8-638] synthesizing module 'design_1_axi_smc_0' [/home/jacoboffersen/Repos/inverter/inverter.runs/synth_1/.Xil/Vivado-29374-jacoboffersen/realtime/design_1_axi_smc_0_stub.vhdl:141]
INFO: [Synth 8-3491] module 'design_1_blk_mem_gen_0_0' declared at '/home/jacoboffersen/Repos/inverter/inverter.runs/synth_1/.Xil/Vivado-29374-jacoboffersen/realtime/design_1_blk_mem_gen_0_0_stub.vhdl:5' bound to instance 'blk_mem_gen_0' of component 'design_1_blk_mem_gen_0_0' [/home/jacoboffersen/Repos/inverter/inverter.srcs/sources_1/bd/design_1/synth/design_1.vhd:744]
INFO: [Synth 8-638] synthesizing module 'design_1_blk_mem_gen_0_0' [/home/jacoboffersen/Repos/inverter/inverter.runs/synth_1/.Xil/Vivado-29374-jacoboffersen/realtime/design_1_blk_mem_gen_0_0_stub.vhdl:25]
INFO: [Synth 8-3491] module 'design_1_processing_system7_0_0' declared at '/home/jacoboffersen/Repos/inverter/inverter.runs/synth_1/.Xil/Vivado-29374-jacoboffersen/realtime/design_1_processing_system7_0_0_stub.vhdl:5' bound to instance 'processing_system7_0' of component 'design_1_processing_system7_0_0' [/home/jacoboffersen/Repos/inverter/inverter.srcs/sources_1/bd/design_1/synth/design_1.vhd:762]
INFO: [Synth 8-638] synthesizing module 'design_1_processing_system7_0_0' [/home/jacoboffersen/Repos/inverter/inverter.runs/synth_1/.Xil/Vivado-29374-jacoboffersen/realtime/design_1_processing_system7_0_0_stub.vhdl:74]
INFO: [Synth 8-3491] module 'design_1_rst_ps7_0_100M_0' declared at '/home/jacoboffersen/Repos/inverter/inverter.runs/synth_1/.Xil/Vivado-29374-jacoboffersen/realtime/design_1_rst_ps7_0_100M_0_stub.vhdl:5' bound to instance 'rst_ps7_0_100M' of component 'design_1_rst_ps7_0_100M_0' [/home/jacoboffersen/Repos/inverter/inverter.srcs/sources_1/bd/design_1/synth/design_1.vhd:828]
INFO: [Synth 8-638] synthesizing module 'design_1_rst_ps7_0_100M_0' [/home/jacoboffersen/Repos/inverter/inverter.runs/synth_1/.Xil/Vivado-29374-jacoboffersen/realtime/design_1_rst_ps7_0_100M_0_stub.vhdl:21]
INFO: [Synth 8-3491] module 'design_1_xadc_wiz_0_0' declared at '/home/jacoboffersen/Repos/inverter/inverter.runs/synth_1/.Xil/Vivado-29374-jacoboffersen/realtime/design_1_xadc_wiz_0_0_stub.vhdl:5' bound to instance 'xadc_wiz_0' of component 'design_1_xadc_wiz_0_0' [/home/jacoboffersen/Repos/inverter/inverter.srcs/sources_1/bd/design_1/synth/design_1.vhd:841]
INFO: [Synth 8-638] synthesizing module 'design_1_xadc_wiz_0_0' [/home/jacoboffersen/Repos/inverter/inverter.runs/synth_1/.Xil/Vivado-29374-jacoboffersen/realtime/design_1_xadc_wiz_0_0_stub.vhdl:38]
INFO: [Synth 8-256] done synthesizing module 'design_1' (2#1) [/home/jacoboffersen/Repos/inverter/inverter.srcs/sources_1/bd/design_1/synth/design_1.vhd:51]
INFO: [Synth 8-256] done synthesizing module 'design_1_wrapper' (3#1) [/home/jacoboffersen/Repos/inverter/inverter.srcs/sources_1/bd/design_1/hdl/design_1_wrapper.vhd:47]
INFO: [Synth 8-256] done synthesizing module 'mem_interface' (4#1) [/home/jacoboffersen/Repos/inverter/src/mem_interface.vhd:12]
WARNING: [Synth 8-3848] Net blue in module/entity top does not have driver. [/home/jacoboffersen/Repos/inverter/src/top.vhd:12]
INFO: [Synth 8-256] done synthesizing module 'top' (5#1) [/home/jacoboffersen/Repos/inverter/src/top.vhd:17]
WARNING: [Synth 8-3917] design top has port row[7] driven by constant 1
WARNING: [Synth 8-3917] design top has port row[6] driven by constant 1
WARNING: [Synth 8-3917] design top has port row[5] driven by constant 1
WARNING: [Synth 8-3917] design top has port row[4] driven by constant 1
WARNING: [Synth 8-3917] design top has port row[3] driven by constant 1
WARNING: [Synth 8-3917] design top has port row[2] driven by constant 1
WARNING: [Synth 8-3917] design top has port row[1] driven by constant 1
WARNING: [Synth 8-3917] design top has port row[0] driven by constant 0
WARNING: [Synth 8-3331] design top has unconnected port red[7]
WARNING: [Synth 8-3331] design top has unconnected port red[5]
WARNING: [Synth 8-3331] design top has unconnected port red[3]
WARNING: [Synth 8-3331] design top has unconnected port red[1]
WARNING: [Synth 8-3331] design top has unconnected port green[7]
WARNING: [Synth 8-3331] design top has unconnected port green[5]
WARNING: [Synth 8-3331] design top has unconnected port green[3]
WARNING: [Synth 8-3331] design top has unconnected port green[1]
WARNING: [Synth 8-3331] design top has unconnected port blue[7]
WARNING: [Synth 8-3331] design top has unconnected port blue[6]
WARNING: [Synth 8-3331] design top has unconnected port blue[5]
WARNING: [Synth 8-3331] design top has unconnected port blue[4]
WARNING: [Synth 8-3331] design top has unconnected port blue[3]
WARNING: [Synth 8-3331] design top has unconnected port blue[2]
WARNING: [Synth 8-3331] design top has unconnected port blue[1]
WARNING: [Synth 8-3331] design top has unconnected port blue[0]
---------------------------------------------------------------------------------
Finished RTL Elaboration : Time (s): cpu = 00:00:04 ; elapsed = 00:00:05 . Memory (MB): peak = 1409.148 ; gain = 134.520 ; free physical = 1917 ; free virtual = 56877
---------------------------------------------------------------------------------

Report Check Netlist: 
+------+------------------+-------+---------+-------+------------------+
|      |Item              |Errors |Warnings |Status |Description       |
+------+------------------+-------+---------+-------+------------------+
|1     |multi_driven_nets |      0|        0|Passed |Multi driven nets |
+------+------------------+-------+---------+-------+------------------+
WARNING: [Synth 8-3295] tying undriven pin design_1_wrapper0:BRAM_PORTB_0_din[31] to constant 0 [/home/jacoboffersen/Repos/inverter/src/mem_interface.vhd:129]
WARNING: [Synth 8-3295] tying undriven pin design_1_wrapper0:BRAM_PORTB_0_din[30] to constant 0 [/home/jacoboffersen/Repos/inverter/src/mem_interface.vhd:129]
WARNING: [Synth 8-3295] tying undriven pin design_1_wrapper0:BRAM_PORTB_0_din[29] to constant 0 [/home/jacoboffersen/Repos/inverter/src/mem_interface.vhd:129]
WARNING: [Synth 8-3295] tying undriven pin design_1_wrapper0:BRAM_PORTB_0_din[28] to constant 0 [/home/jacoboffersen/Repos/inverter/src/mem_interface.vhd:129]
WARNING: [Synth 8-3295] tying undriven pin design_1_wrapper0:BRAM_PORTB_0_din[27] to constant 0 [/home/jacoboffersen/Repos/inverter/src/mem_interface.vhd:129]
WARNING: [Synth 8-3295] tying undriven pin design_1_wrapper0:BRAM_PORTB_0_din[26] to constant 0 [/home/jacoboffersen/Repos/inverter/src/mem_interface.vhd:129]
WARNING: [Synth 8-3295] tying undriven pin design_1_wrapper0:BRAM_PORTB_0_din[25] to constant 0 [/home/jacoboffersen/Repos/inverter/src/mem_interface.vhd:129]
WARNING: [Synth 8-3295] tying undriven pin design_1_wrapper0:BRAM_PORTB_0_din[24] to constant 0 [/home/jacoboffersen/Repos/inverter/src/mem_interface.vhd:129]
WARNING: [Synth 8-3295] tying undriven pin design_1_wrapper0:BRAM_PORTB_0_din[23] to constant 0 [/home/jacoboffersen/Repos/inverter/src/mem_interface.vhd:129]
WARNING: [Synth 8-3295] tying undriven pin design_1_wrapper0:BRAM_PORTB_0_din[22] to constant 0 [/home/jacoboffersen/Repos/inverter/src/mem_interface.vhd:129]
WARNING: [Synth 8-3295] tying undriven pin design_1_wrapper0:BRAM_PORTB_0_din[21] to constant 0 [/home/jacoboffersen/Repos/inverter/src/mem_interface.vhd:129]
WARNING: [Synth 8-3295] tying undriven pin design_1_wrapper0:BRAM_PORTB_0_din[20] to constant 0 [/home/jacoboffersen/Repos/inverter/src/mem_interface.vhd:129]
WARNING: [Synth 8-3295] tying undriven pin design_1_wrapper0:BRAM_PORTB_0_din[19] to constant 0 [/home/jacoboffersen/Repos/inverter/src/mem_interface.vhd:129]
WARNING: [Synth 8-3295] tying undriven pin design_1_wrapper0:BRAM_PORTB_0_din[18] to constant 0 [/home/jacoboffersen/Repos/inverter/src/mem_interface.vhd:129]
WARNING: [Synth 8-3295] tying undriven pin design_1_wrapper0:BRAM_PORTB_0_din[17] to constant 0 [/home/jacoboffersen/Repos/inverter/src/mem_interface.vhd:129]
WARNING: [Synth 8-3295] tying undriven pin design_1_wrapper0:BRAM_PORTB_0_din[16] to constant 0 [/home/jacoboffersen/Repos/inverter/src/mem_interface.vhd:129]
WARNING: [Synth 8-3295] tying undriven pin design_1_wrapper0:BRAM_PORTB_0_din[15] to constant 0 [/home/jacoboffersen/Repos/inverter/src/mem_interface.vhd:129]
WARNING: [Synth 8-3295] tying undriven pin design_1_wrapper0:BRAM_PORTB_0_din[14] to constant 0 [/home/jacoboffersen/Repos/inverter/src/mem_interface.vhd:129]
WARNING: [Synth 8-3295] tying undriven pin design_1_wrapper0:BRAM_PORTB_0_din[13] to constant 0 [/home/jacoboffersen/Repos/inverter/src/mem_interface.vhd:129]
WARNING: [Synth 8-3295] tying undriven pin design_1_wrapper0:BRAM_PORTB_0_din[12] to constant 0 [/home/jacoboffersen/Repos/inverter/src/mem_interface.vhd:129]
WARNING: [Synth 8-3295] tying undriven pin design_1_wrapper0:BRAM_PORTB_0_din[11] to constant 0 [/home/jacoboffersen/Repos/inverter/src/mem_interface.vhd:129]
WARNING: [Synth 8-3295] tying undriven pin design_1_wrapper0:BRAM_PORTB_0_din[10] to constant 0 [/home/jacoboffersen/Repos/inverter/src/mem_interface.vhd:129]
WARNING: [Synth 8-3295] tying undriven pin design_1_wrapper0:BRAM_PORTB_0_din[9] to constant 0 [/home/jacoboffersen/Repos/inverter/src/mem_interface.vhd:129]
WARNING: [Synth 8-3295] tying undriven pin design_1_wrapper0:BRAM_PORTB_0_din[8] to constant 0 [/home/jacoboffersen/Repos/inverter/src/mem_interface.vhd:129]
WARNING: [Synth 8-3295] tying undriven pin design_1_wrapper0:BRAM_PORTB_0_din[7] to constant 0 [/home/jacoboffersen/Repos/inverter/src/mem_interface.vhd:129]
WARNING: [Synth 8-3295] tying undriven pin design_1_wrapper0:BRAM_PORTB_0_din[6] to constant 0 [/home/jacoboffersen/Repos/inverter/src/mem_interface.vhd:129]
WARNING: [Synth 8-3295] tying undriven pin design_1_wrapper0:BRAM_PORTB_0_din[5] to constant 0 [/home/jacoboffersen/Repos/inverter/src/mem_interface.vhd:129]
WARNING: [Synth 8-3295] tying undriven pin design_1_wrapper0:BRAM_PORTB_0_din[4] to constant 0 [/home/jacoboffersen/Repos/inverter/src/mem_interface.vhd:129]
WARNING: [Synth 8-3295] tying undriven pin design_1_wrapper0:BRAM_PORTB_0_din[3] to constant 0 [/home/jacoboffersen/Repos/inverter/src/mem_interface.vhd:129]
WARNING: [Synth 8-3295] tying undriven pin design_1_wrapper0:BRAM_PORTB_0_din[2] to constant 0 [/home/jacoboffersen/Repos/inverter/src/mem_interface.vhd:129]
WARNING: [Synth 8-3295] tying undriven pin design_1_wrapper0:BRAM_PORTB_0_din[1] to constant 0 [/home/jacoboffersen/Repos/inverter/src/mem_interface.vhd:129]
WARNING: [Synth 8-3295] tying undriven pin design_1_wrapper0:BRAM_PORTB_0_din[0] to constant 0 [/home/jacoboffersen/Repos/inverter/src/mem_interface.vhd:129]
WARNING: [Synth 8-3295] tying undriven pin design_1_wrapper0:BRAM_PORTB_0_rst to constant 0 [/home/jacoboffersen/Repos/inverter/src/mem_interface.vhd:129]
WARNING: [Synth 8-3295] tying undriven pin design_1_wrapper0:BRAM_PORTB_0_we[3] to constant 0 [/home/jacoboffersen/Repos/inverter/src/mem_interface.vhd:129]
WARNING: [Synth 8-3295] tying undriven pin design_1_wrapper0:BRAM_PORTB_0_we[2] to constant 0 [/home/jacoboffersen/Repos/inverter/src/mem_interface.vhd:129]
WARNING: [Synth 8-3295] tying undriven pin design_1_wrapper0:BRAM_PORTB_0_we[1] to constant 0 [/home/jacoboffersen/Repos/inverter/src/mem_interface.vhd:129]
WARNING: [Synth 8-3295] tying undriven pin design_1_wrapper0:BRAM_PORTB_0_we[0] to constant 0 [/home/jacoboffersen/Repos/inverter/src/mem_interface.vhd:129]
---------------------------------------------------------------------------------
Start Handling Custom Attributes
---------------------------------------------------------------------------------
---------------------------------------------------------------------------------
Finished Handling Custom Attributes : Time (s): cpu = 00:00:04 ; elapsed = 00:00:05 . Memory (MB): peak = 1409.148 ; gain = 134.520 ; free physical = 1908 ; free virtual = 56868
---------------------------------------------------------------------------------
---------------------------------------------------------------------------------
Finished RTL Optimization Phase 1 : Time (s): cpu = 00:00:04 ; elapsed = 00:00:05 . Memory (MB): peak = 1409.148 ; gain = 134.520 ; free physical = 1908 ; free virtual = 56868
---------------------------------------------------------------------------------
INFO: [Device 21-403] Loading part xc7z010clg400-1
INFO: [Project 1-570] Preparing netlist for logic optimization

Processing XDC Constraints
Initializing timing engine
Parsing XDC File [/home/jacoboffersen/Repos/inverter/inverter.srcs/sources_1/bd/design_1/ip/design_1_processing_system7_0_0/design_1_processing_system7_0_0/design_1_processing_system7_0_0_in_context.xdc] for cell 'mem_interface0/design_1_wrapper0/design_1_i/processing_system7_0'
Finished Parsing XDC File [/home/jacoboffersen/Repos/inverter/inverter.srcs/sources_1/bd/design_1/ip/design_1_processing_system7_0_0/design_1_processing_system7_0_0/design_1_processing_system7_0_0_in_context.xdc] for cell 'mem_interface0/design_1_wrapper0/design_1_i/processing_system7_0'
Parsing XDC File [/home/jacoboffersen/Repos/inverter/inverter.srcs/sources_1/bd/design_1/ip/design_1_blk_mem_gen_0_0/design_1_blk_mem_gen_0_0/design_1_blk_mem_gen_0_0_in_context.xdc] for cell 'mem_interface0/design_1_wrapper0/design_1_i/blk_mem_gen_0'
Finished Parsing XDC File [/home/jacoboffersen/Repos/inverter/inverter.srcs/sources_1/bd/design_1/ip/design_1_blk_mem_gen_0_0/design_1_blk_mem_gen_0_0/design_1_blk_mem_gen_0_0_in_context.xdc] for cell 'mem_interface0/design_1_wrapper0/design_1_i/blk_mem_gen_0'
Parsing XDC File [/home/jacoboffersen/Repos/inverter/inverter.srcs/sources_1/bd/design_1/ip/design_1_axi_bram_ctrl_0_0/design_1_axi_bram_ctrl_0_0/design_1_axi_bram_ctrl_0_0_in_context.xdc] for cell 'mem_interface0/design_1_wrapper0/design_1_i/axi_bram_ctrl_0'
Finished Parsing XDC File [/home/jacoboffersen/Repos/inverter/inverter.srcs/sources_1/bd/design_1/ip/design_1_axi_bram_ctrl_0_0/design_1_axi_bram_ctrl_0_0/design_1_axi_bram_ctrl_0_0_in_context.xdc] for cell 'mem_interface0/design_1_wrapper0/design_1_i/axi_bram_ctrl_0'
Parsing XDC File [/home/jacoboffersen/Repos/inverter/inverter.srcs/sources_1/bd/design_1/ip/design_1_xadc_wiz_0_0/design_1_xadc_wiz_0_0/design_1_xadc_wiz_0_0_in_context.xdc] for cell 'mem_interface0/design_1_wrapper0/design_1_i/xadc_wiz_0'
Finished Parsing XDC File [/home/jacoboffersen/Repos/inverter/inverter.srcs/sources_1/bd/design_1/ip/design_1_xadc_wiz_0_0/design_1_xadc_wiz_0_0/design_1_xadc_wiz_0_0_in_context.xdc] for cell 'mem_interface0/design_1_wrapper0/design_1_i/xadc_wiz_0'
Parsing XDC File [/home/jacoboffersen/Repos/inverter/inverter.srcs/sources_1/bd/design_1/ip/design_1_axi_smc_0/design_1_axi_smc_0/design_1_axi_smc_0_in_context.xdc] for cell 'mem_interface0/design_1_wrapper0/design_1_i/axi_smc'
Finished Parsing XDC File [/home/jacoboffersen/Repos/inverter/inverter.srcs/sources_1/bd/design_1/ip/design_1_axi_smc_0/design_1_axi_smc_0/design_1_axi_smc_0_in_context.xdc] for cell 'mem_interface0/design_1_wrapper0/design_1_i/axi_smc'
Parsing XDC File [/home/jacoboffersen/Repos/inverter/inverter.srcs/sources_1/bd/design_1/ip/design_1_rst_ps7_0_100M_0/design_1_rst_ps7_0_100M_0/design_1_rst_ps7_0_100M_0_in_context.xdc] for cell 'mem_interface0/design_1_wrapper0/design_1_i/rst_ps7_0_100M'
Finished Parsing XDC File [/home/jacoboffersen/Repos/inverter/inverter.srcs/sources_1/bd/design_1/ip/design_1_rst_ps7_0_100M_0/design_1_rst_ps7_0_100M_0/design_1_rst_ps7_0_100M_0_in_context.xdc] for cell 'mem_interface0/design_1_wrapper0/design_1_i/rst_ps7_0_100M'
Parsing XDC File [/home/jacoboffersen/Repos/inverter/src/ZYBO_Master.xdc]
WARNING: [Vivado 12-584] No ports matched 'btn[0]'. [/home/jacoboffersen/Repos/inverter/src/ZYBO_Master.xdc:20]
WARNING: [Vivado 12-584] No ports matched 'btn[1]'. [/home/jacoboffersen/Repos/inverter/src/ZYBO_Master.xdc:21]
WARNING: [Vivado 12-584] No ports matched 'btn[2]'. [/home/jacoboffersen/Repos/inverter/src/ZYBO_Master.xdc:22]
WARNING: [Vivado 12-584] No ports matched 'btn[3]'. [/home/jacoboffersen/Repos/inverter/src/ZYBO_Master.xdc:23]
WARNING: [Vivado 12-584] No ports matched 'led[0]'. [/home/jacoboffersen/Repos/inverter/src/ZYBO_Master.xdc:27]
WARNING: [Vivado 12-584] No ports matched 'led[1]'. [/home/jacoboffersen/Repos/inverter/src/ZYBO_Master.xdc:28]
WARNING: [Vivado 12-584] No ports matched 'led[2]'. [/home/jacoboffersen/Repos/inverter/src/ZYBO_Master.xdc:29]
WARNING: [Vivado 12-584] No ports matched 'led[3]'. [/home/jacoboffersen/Repos/inverter/src/ZYBO_Master.xdc:30]
Finished Parsing XDC File [/home/jacoboffersen/Repos/inverter/src/ZYBO_Master.xdc]
WARNING: [Project 1-498] One or more constraints failed evaluation while reading constraint file [/home/jacoboffersen/Repos/inverter/src/ZYBO_Master.xdc] and the design contains unresolved black boxes. These constraints will be read post-synthesis (as long as their source constraint file is marked as used_in_implementation) and should be applied correctly then. You should review the constraints listed in the file [.Xil/top_propImpl.xdc] and check the run log file to verify that these constraints were correctly applied.
INFO: [Project 1-236] Implementation specific constraints were found while reading constraint file [/home/jacoboffersen/Repos/inverter/src/ZYBO_Master.xdc]. These constraints will be ignored for synthesis but will be used in implementation. Impacted constraints are listed in the file [.Xil/top_propImpl.xdc].
Resolution: To avoid this warning, move constraints listed in [.Xil/top_propImpl.xdc] to another XDC file and exclude this new file from synthesis with the used_in_synthesis property (File Properties dialog in GUI) and re-run elaboration/synthesis.
Parsing XDC File [/home/jacoboffersen/Repos/inverter/inverter.runs/synth_1/dont_touch.xdc]
Finished Parsing XDC File [/home/jacoboffersen/Repos/inverter/inverter.runs/synth_1/dont_touch.xdc]
Completed Processing XDC Constraints

INFO: [Project 1-111] Unisim Transformation Summary:
No Unisim elements were transformed.

Constraint Validation Runtime : Time (s): cpu = 00:00:00 ; elapsed = 00:00:00.01 . Memory (MB): peak = 1747.734 ; gain = 0.000 ; free physical = 1852 ; free virtual = 56908
WARNING: [Timing 38-316] Clock period '20.000' specified during out-of-context synthesis of instance 'mem_interface0/design_1_wrapper0/design_1_i/blk_mem_gen_0' at clock pin 'clka' is different from the actual clock period '10.000', this can lead to different synthesis results.
---------------------------------------------------------------------------------
Finished Constraint Validation : Time (s): cpu = 00:00:18 ; elapsed = 00:00:38 . Memory (MB): peak = 1747.734 ; gain = 473.105 ; free physical = 1965 ; free virtual = 57025
---------------------------------------------------------------------------------
---------------------------------------------------------------------------------
Start Loading Part and Timing Information
---------------------------------------------------------------------------------
Loading part: xc7z010clg400-1
---------------------------------------------------------------------------------
Finished Loading Part and Timing Information : Time (s): cpu = 00:00:18 ; elapsed = 00:00:38 . Memory (MB): peak = 1747.734 ; gain = 473.105 ; free physical = 1965 ; free virtual = 57025
---------------------------------------------------------------------------------
---------------------------------------------------------------------------------
Start Applying 'set_property' XDC Constraints
---------------------------------------------------------------------------------
Applied set_property DONT_TOUCH = true for mem_interface0/design_1_wrapper0/design_1_i. (constraint file  auto generated constraint, line ).
Applied set_property DONT_TOUCH = true for mem_interface0/design_1_wrapper0/design_1_i/processing_system7_0. (constraint file  auto generated constraint, line ).
Applied set_property DONT_TOUCH = true for mem_interface0/design_1_wrapper0/design_1_i/blk_mem_gen_0. (constraint file  auto generated constraint, line ).
Applied set_property DONT_TOUCH = true for mem_interface0/design_1_wrapper0/design_1_i/axi_bram_ctrl_0. (constraint file  auto generated constraint, line ).
Applied set_property DONT_TOUCH = true for mem_interface0/design_1_wrapper0/design_1_i/xadc_wiz_0. (constraint file  auto generated constraint, line ).
Applied set_property DONT_TOUCH = true for mem_interface0/design_1_wrapper0/design_1_i/axi_smc. (constraint file  auto generated constraint, line ).
Applied set_property DONT_TOUCH = true for mem_interface0/design_1_wrapper0/design_1_i/rst_ps7_0_100M. (constraint file  auto generated constraint, line ).
---------------------------------------------------------------------------------
Finished applying 'set_property' XDC Constraints : Time (s): cpu = 00:00:18 ; elapsed = 00:00:38 . Memory (MB): peak = 1747.734 ; gain = 473.105 ; free physical = 1968 ; free virtual = 57027
---------------------------------------------------------------------------------
---------------------------------------------------------------------------------
Finished RTL Optimization Phase 2 : Time (s): cpu = 00:00:18 ; elapsed = 00:00:38 . Memory (MB): peak = 1747.734 ; gain = 473.105 ; free physical = 1962 ; free virtual = 57022
---------------------------------------------------------------------------------
INFO: [Synth 8-223] decloning instance 'pwm_dual0' (pwm_dual) to 'pwm_dual1'

Report RTL Partitions: 
+-+--------------+------------+----------+
| |RTL Partition |Replication |Instances |
+-+--------------+------------+----------+
+-+--------------+------------+----------+
---------------------------------------------------------------------------------
Start RTL Component Statistics 
---------------------------------------------------------------------------------
Detailed RTL Component Info : 
+---Adders : 
	   3 Input     11 Bit       Adders := 1     
	   2 Input     11 Bit       Adders := 2     
+---Registers : 
	               11 Bit    Registers := 1     
	                2 Bit    Registers := 1     
+---Muxes : 
	   2 Input     11 Bit        Muxes := 2     
	   3 Input      2 Bit        Muxes := 1     
	   2 Input      2 Bit        Muxes := 1     
	   2 Input      1 Bit        Muxes := 2     
	   4 Input      1 Bit        Muxes := 1     
---------------------------------------------------------------------------------
Finished RTL Component Statistics 
---------------------------------------------------------------------------------
---------------------------------------------------------------------------------
Start RTL Hierarchical Component Statistics 
---------------------------------------------------------------------------------
Hierarchical RTL Component report 
Module pwm_dual 
Detailed RTL Component Info : 
+---Adders : 
	   3 Input     11 Bit       Adders := 1     
	   2 Input     11 Bit       Adders := 2     
+---Registers : 
	               11 Bit    Registers := 1     
	                2 Bit    Registers := 1     
+---Muxes : 
	   2 Input     11 Bit        Muxes := 2     
	   3 Input      2 Bit        Muxes := 1     
	   2 Input      2 Bit        Muxes := 1     
	   2 Input      1 Bit        Muxes := 2     
	   4 Input      1 Bit        Muxes := 1     
---------------------------------------------------------------------------------
Finished RTL Hierarchical Component Statistics
---------------------------------------------------------------------------------
---------------------------------------------------------------------------------
Start Part Resource Summary
---------------------------------------------------------------------------------
Part Resources:
DSPs: 80 (col length:40)
BRAMs: 120 (col length: RAMB18 40 RAMB36 20)
---------------------------------------------------------------------------------
Finished Part Resource Summary
---------------------------------------------------------------------------------
---------------------------------------------------------------------------------
Start Cross Boundary and Area Optimization
---------------------------------------------------------------------------------
Warning: Parallel synthesis criteria is not met 
WARNING: [Synth 8-3917] design top has port row[7] driven by constant 1
WARNING: [Synth 8-3917] design top has port row[6] driven by constant 1
WARNING: [Synth 8-3917] design top has port row[5] driven by constant 1
WARNING: [Synth 8-3917] design top has port row[4] driven by constant 1
WARNING: [Synth 8-3917] design top has port row[3] driven by constant 1
WARNING: [Synth 8-3917] design top has port row[2] driven by constant 1
WARNING: [Synth 8-3917] design top has port row[1] driven by constant 1
WARNING: [Synth 8-3917] design top has port row[0] driven by constant 0
WARNING: [Synth 8-3331] design top has unconnected port red[7]
WARNING: [Synth 8-3331] design top has unconnected port red[5]
WARNING: [Synth 8-3331] design top has unconnected port red[3]
WARNING: [Synth 8-3331] design top has unconnected port red[1]
WARNING: [Synth 8-3331] design top has unconnected port green[7]
WARNING: [Synth 8-3331] design top has unconnected port green[5]
WARNING: [Synth 8-3331] design top has unconnected port green[3]
WARNING: [Synth 8-3331] design top has unconnected port green[1]
WARNING: [Synth 8-3331] design top has unconnected port blue[7]
WARNING: [Synth 8-3331] design top has unconnected port blue[6]
WARNING: [Synth 8-3331] design top has unconnected port blue[5]
WARNING: [Synth 8-3331] design top has unconnected port blue[4]
WARNING: [Synth 8-3331] design top has unconnected port blue[3]
WARNING: [Synth 8-3331] design top has unconnected port blue[2]
WARNING: [Synth 8-3331] design top has unconnected port blue[1]
WARNING: [Synth 8-3331] design top has unconnected port blue[0]
---------------------------------------------------------------------------------
Finished Cross Boundary and Area Optimization : Time (s): cpu = 00:00:19 ; elapsed = 00:00:38 . Memory (MB): peak = 1747.734 ; gain = 473.105 ; free physical = 1949 ; free virtual = 57012
---------------------------------------------------------------------------------

Report RTL Partitions: 
+-+--------------+------------+----------+
| |RTL Partition |Replication |Instances |
+-+--------------+------------+----------+
+-+--------------+------------+----------+
---------------------------------------------------------------------------------
Start Applying XDC Timing Constraints
---------------------------------------------------------------------------------
INFO: [Synth 8-5578] Moved timing constraint from pin 'mem_interface0/design_1_wrapper0/design_1_i/processing_system7_0/FCLK_CLK0' to pin 'mem_interface0/design_1_wrapper0/design_1_i/processing_system7_0/bbstub_FCLK_CLK0/O'
INFO: [Synth 8-5578] Moved timing constraint from pin 'mem_interface0/design_1_wrapper0/design_1_i/axi_bram_ctrl_0/bram_clk_a' to pin 'mem_interface0/design_1_wrapper0/design_1_i/axi_bram_ctrl_0/bbstub_bram_clk_a/O'
INFO: [Synth 8-5819] Moved 2 constraints on hierarchical pins to their respective driving/loading pins
---------------------------------------------------------------------------------
Finished Applying XDC Timing Constraints : Time (s): cpu = 00:00:28 ; elapsed = 00:00:51 . Memory (MB): peak = 1747.734 ; gain = 473.105 ; free physical = 1241 ; free virtual = 56326
---------------------------------------------------------------------------------
---------------------------------------------------------------------------------
Start Timing Optimization
---------------------------------------------------------------------------------
---------------------------------------------------------------------------------
Finished Timing Optimization : Time (s): cpu = 00:00:28 ; elapsed = 00:00:51 . Memory (MB): peak = 1747.734 ; gain = 473.105 ; free physical = 1235 ; free virtual = 56320
---------------------------------------------------------------------------------

Report RTL Partitions: 
+-+--------------+------------+----------+
| |RTL Partition |Replication |Instances |
+-+--------------+------------+----------+
+-+--------------+------------+----------+
---------------------------------------------------------------------------------
Start Technology Mapping
---------------------------------------------------------------------------------
---------------------------------------------------------------------------------
Finished Technology Mapping : Time (s): cpu = 00:00:28 ; elapsed = 00:00:51 . Memory (MB): peak = 1747.734 ; gain = 473.105 ; free physical = 1235 ; free virtual = 56320
---------------------------------------------------------------------------------

Report RTL Partitions: 
+-+--------------+------------+----------+
| |RTL Partition |Replication |Instances |
+-+--------------+------------+----------+
+-+--------------+------------+----------+
---------------------------------------------------------------------------------
Start IO Insertion
---------------------------------------------------------------------------------
---------------------------------------------------------------------------------
Start Flattening Before IO Insertion
---------------------------------------------------------------------------------
---------------------------------------------------------------------------------
Finished Flattening Before IO Insertion
---------------------------------------------------------------------------------
---------------------------------------------------------------------------------
Start Final Netlist Cleanup
---------------------------------------------------------------------------------
---------------------------------------------------------------------------------
Finished Final Netlist Cleanup
---------------------------------------------------------------------------------
WARNING: [Synth 8-3295] tying undriven pin mem_interface0/design_1_wrapper0/design_1_i:BRAM_PORTB_0_din[31] to constant 0
WARNING: [Synth 8-3295] tying undriven pin mem_interface0/design_1_wrapper0/design_1_i:BRAM_PORTB_0_din[30] to constant 0
WARNING: [Synth 8-3295] tying undriven pin mem_interface0/design_1_wrapper0/design_1_i:BRAM_PORTB_0_din[29] to constant 0
WARNING: [Synth 8-3295] tying undriven pin mem_interface0/design_1_wrapper0/design_1_i:BRAM_PORTB_0_din[28] to constant 0
WARNING: [Synth 8-3295] tying undriven pin mem_interface0/design_1_wrapper0/design_1_i:BRAM_PORTB_0_din[27] to constant 0
WARNING: [Synth 8-3295] tying undriven pin mem_interface0/design_1_wrapper0/design_1_i:BRAM_PORTB_0_din[26] to constant 0
WARNING: [Synth 8-3295] tying undriven pin mem_interface0/design_1_wrapper0/design_1_i:BRAM_PORTB_0_din[25] to constant 0
WARNING: [Synth 8-3295] tying undriven pin mem_interface0/design_1_wrapper0/design_1_i:BRAM_PORTB_0_din[24] to constant 0
WARNING: [Synth 8-3295] tying undriven pin mem_interface0/design_1_wrapper0/design_1_i:BRAM_PORTB_0_din[23] to constant 0
WARNING: [Synth 8-3295] tying undriven pin mem_interface0/design_1_wrapper0/design_1_i:BRAM_PORTB_0_din[22] to constant 0
WARNING: [Synth 8-3295] tying undriven pin mem_interface0/design_1_wrapper0/design_1_i:BRAM_PORTB_0_din[21] to constant 0
WARNING: [Synth 8-3295] tying undriven pin mem_interface0/design_1_wrapper0/design_1_i:BRAM_PORTB_0_din[20] to constant 0
WARNING: [Synth 8-3295] tying undriven pin mem_interface0/design_1_wrapper0/design_1_i:BRAM_PORTB_0_din[19] to constant 0
WARNING: [Synth 8-3295] tying undriven pin mem_interface0/design_1_wrapper0/design_1_i:BRAM_PORTB_0_din[18] to constant 0
WARNING: [Synth 8-3295] tying undriven pin mem_interface0/design_1_wrapper0/design_1_i:BRAM_PORTB_0_din[17] to constant 0
WARNING: [Synth 8-3295] tying undriven pin mem_interface0/design_1_wrapper0/design_1_i:BRAM_PORTB_0_din[16] to constant 0
WARNING: [Synth 8-3295] tying undriven pin mem_interface0/design_1_wrapper0/design_1_i:BRAM_PORTB_0_din[15] to constant 0
WARNING: [Synth 8-3295] tying undriven pin mem_interface0/design_1_wrapper0/design_1_i:BRAM_PORTB_0_din[14] to constant 0
WARNING: [Synth 8-3295] tying undriven pin mem_interface0/design_1_wrapper0/design_1_i:BRAM_PORTB_0_din[13] to constant 0
WARNING: [Synth 8-3295] tying undriven pin mem_interface0/design_1_wrapper0/design_1_i:BRAM_PORTB_0_din[12] to constant 0
WARNING: [Synth 8-3295] tying undriven pin mem_interface0/design_1_wrapper0/design_1_i:BRAM_PORTB_0_din[11] to constant 0
WARNING: [Synth 8-3295] tying undriven pin mem_interface0/design_1_wrapper0/design_1_i:BRAM_PORTB_0_din[10] to constant 0
WARNING: [Synth 8-3295] tying undriven pin mem_interface0/design_1_wrapper0/design_1_i:BRAM_PORTB_0_din[9] to constant 0
WARNING: [Synth 8-3295] tying undriven pin mem_interface0/design_1_wrapper0/design_1_i:BRAM_PORTB_0_din[8] to constant 0
WARNING: [Synth 8-3295] tying undriven pin mem_interface0/design_1_wrapper0/design_1_i:BRAM_PORTB_0_din[7] to constant 0
WARNING: [Synth 8-3295] tying undriven pin mem_interface0/design_1_wrapper0/design_1_i:BRAM_PORTB_0_din[6] to constant 0
WARNING: [Synth 8-3295] tying undriven pin mem_interface0/design_1_wrapper0/design_1_i:BRAM_PORTB_0_din[5] to constant 0
WARNING: [Synth 8-3295] tying undriven pin mem_interface0/design_1_wrapper0/design_1_i:BRAM_PORTB_0_din[4] to constant 0
WARNING: [Synth 8-3295] tying undriven pin mem_interface0/design_1_wrapper0/design_1_i:BRAM_PORTB_0_din[3] to constant 0
WARNING: [Synth 8-3295] tying undriven pin mem_interface0/design_1_wrapper0/design_1_i:BRAM_PORTB_0_din[2] to constant 0
WARNING: [Synth 8-3295] tying undriven pin mem_interface0/design_1_wrapper0/design_1_i:BRAM_PORTB_0_din[1] to constant 0
WARNING: [Synth 8-3295] tying undriven pin mem_interface0/design_1_wrapper0/design_1_i:BRAM_PORTB_0_din[0] to constant 0
WARNING: [Synth 8-3295] tying undriven pin mem_interface0/design_1_wrapper0/design_1_i:BRAM_PORTB_0_rst to constant 0
WARNING: [Synth 8-3295] tying undriven pin mem_interface0/design_1_wrapper0/design_1_i:BRAM_PORTB_0_we[3] to constant 0
WARNING: [Synth 8-3295] tying undriven pin mem_interface0/design_1_wrapper0/design_1_i:BRAM_PORTB_0_we[2] to constant 0
WARNING: [Synth 8-3295] tying undriven pin mem_interface0/design_1_wrapper0/design_1_i:BRAM_PORTB_0_we[1] to constant 0
WARNING: [Synth 8-3295] tying undriven pin mem_interface0/design_1_wrapper0/design_1_i:BRAM_PORTB_0_we[0] to constant 0
---------------------------------------------------------------------------------
Finished IO Insertion : Time (s): cpu = 00:00:29 ; elapsed = 00:00:52 . Memory (MB): peak = 1747.734 ; gain = 473.105 ; free physical = 1201 ; free virtual = 56287
---------------------------------------------------------------------------------

Report Check Netlist: 
+------+------------------+-------+---------+-------+------------------+
|      |Item              |Errors |Warnings |Status |Description       |
+------+------------------+-------+---------+-------+------------------+
|1     |multi_driven_nets |      0|        0|Passed |Multi driven nets |
+------+------------------+-------+---------+-------+------------------+
---------------------------------------------------------------------------------
Start Renaming Generated Instances
---------------------------------------------------------------------------------
---------------------------------------------------------------------------------
Finished Renaming Generated Instances : Time (s): cpu = 00:00:29 ; elapsed = 00:00:52 . Memory (MB): peak = 1747.734 ; gain = 473.105 ; free physical = 1200 ; free virtual = 56286
---------------------------------------------------------------------------------

Report RTL Partitions: 
+-+--------------+------------+----------+
| |RTL Partition |Replication |Instances |
+-+--------------+------------+----------+
+-+--------------+------------+----------+
---------------------------------------------------------------------------------
Start Rebuilding User Hierarchy
---------------------------------------------------------------------------------
---------------------------------------------------------------------------------
Finished Rebuilding User Hierarchy : Time (s): cpu = 00:00:29 ; elapsed = 00:00:52 . Memory (MB): peak = 1747.734 ; gain = 473.105 ; free physical = 1197 ; free virtual = 56283
---------------------------------------------------------------------------------
---------------------------------------------------------------------------------
Start Renaming Generated Ports
---------------------------------------------------------------------------------
---------------------------------------------------------------------------------
Finished Renaming Generated Ports : Time (s): cpu = 00:00:29 ; elapsed = 00:00:52 . Memory (MB): peak = 1747.734 ; gain = 473.105 ; free physical = 1197 ; free virtual = 56283
---------------------------------------------------------------------------------
---------------------------------------------------------------------------------
Start Handling Custom Attributes
---------------------------------------------------------------------------------
---------------------------------------------------------------------------------
Finished Handling Custom Attributes : Time (s): cpu = 00:00:29 ; elapsed = 00:00:52 . Memory (MB): peak = 1747.734 ; gain = 473.105 ; free physical = 1196 ; free virtual = 56282
---------------------------------------------------------------------------------
---------------------------------------------------------------------------------
Start Renaming Generated Nets
---------------------------------------------------------------------------------
---------------------------------------------------------------------------------
Finished Renaming Generated Nets : Time (s): cpu = 00:00:29 ; elapsed = 00:00:52 . Memory (MB): peak = 1747.734 ; gain = 473.105 ; free physical = 1196 ; free virtual = 56282
---------------------------------------------------------------------------------
---------------------------------------------------------------------------------
Start Writing Synthesis Report
---------------------------------------------------------------------------------

Report BlackBoxes: 
+------+--------------------------------+----------+
|      |BlackBox name                   |Instances |
+------+--------------------------------+----------+
|1     |design_1_axi_bram_ctrl_0_0      |         1|
|2     |design_1_axi_smc_0              |         1|
|3     |design_1_blk_mem_gen_0_0        |         1|
|4     |design_1_processing_system7_0_0 |         1|
|5     |design_1_rst_ps7_0_100M_0       |         1|
|6     |design_1_xadc_wiz_0_0           |         1|
+------+--------------------------------+----------+

Report Cell Usage: 
+------+---------------------------------------+------+
|      |Cell                                   |Count |
+------+---------------------------------------+------+
|1     |design_1_axi_bram_ctrl_0_0_bbox_0      |     1|
|2     |design_1_axi_smc_0_bbox_1              |     1|
|3     |design_1_blk_mem_gen_0_0_bbox_2        |     1|
|4     |design_1_processing_system7_0_0_bbox_3 |     1|
|5     |design_1_rst_ps7_0_100M_0_bbox_4       |     1|
|6     |design_1_xadc_wiz_0_0_bbox_5           |     1|
|7     |BUFG                                   |     1|
|8     |CARRY4                                 |     7|
|9     |LUT1                                   |     4|
|10    |LUT2                                   |    11|
|11    |LUT3                                   |     5|
|12    |LUT4                                   |     2|
|13    |LUT5                                   |    10|
|14    |LUT6                                   |    12|
|15    |FDRE                                   |    13|
|16    |IBUF                                   |     5|
|17    |OBUF                                   |    16|
|18    |OBUFT                                  |    16|
+------+---------------------------------------+------+

Report Instance Areas: 
+------+----------------------+-----------------+------+
|      |Instance              |Module           |Cells |
+------+----------------------+-----------------+------+
|1     |top                   |                 |   887|
|2     |  mem_interface0      |mem_interface    |   785|
|3     |    design_1_wrapper0 |design_1_wrapper |   785|
|4     |      design_1_i      |design_1         |   785|
|5     |  pwm_dual0           |pwm_dual         |    64|
+------+----------------------+-----------------+------+
---------------------------------------------------------------------------------
Finished Writing Synthesis Report : Time (s): cpu = 00:00:29 ; elapsed = 00:00:52 . Memory (MB): peak = 1747.734 ; gain = 473.105 ; free physical = 1196 ; free virtual = 56281
---------------------------------------------------------------------------------
Synthesis finished with 0 errors, 0 critical warnings and 61 warnings.
Synthesis Optimization Runtime : Time (s): cpu = 00:00:17 ; elapsed = 00:00:22 . Memory (MB): peak = 1747.734 ; gain = 134.520 ; free physical = 1240 ; free virtual = 56325
Synthesis Optimization Complete : Time (s): cpu = 00:00:29 ; elapsed = 00:00:53 . Memory (MB): peak = 1747.734 ; gain = 473.105 ; free physical = 1239 ; free virtual = 56325
INFO: [Project 1-571] Translating synthesized netlist
INFO: [Netlist 29-17] Analyzing 12 Unisim elements for replacement
INFO: [Netlist 29-28] Unisim Transformation completed in 0 CPU seconds
INFO: [Project 1-570] Preparing netlist for logic optimization
INFO: [Opt 31-138] Pushed 0 inverter(s) to 0 load pin(s).
INFO: [Project 1-111] Unisim Transformation Summary:
No Unisim elements were transformed.

INFO: [Common 17-83] Releasing license: Synthesis
47 Infos, 157 Warnings, 0 Critical Warnings and 0 Errors encountered.
synth_design completed successfully
synth_design: Time (s): cpu = 00:00:32 ; elapsed = 00:00:54 . Memory (MB): peak = 1757.758 ; gain = 495.688 ; free physical = 1183 ; free virtual = 56278
WARNING: [Constraints 18-5210] No constraint will be written out.
INFO: [Common 17-1381] The checkpoint '/home/jacoboffersen/Repos/inverter/inverter.runs/synth_1/top.dcp' has been generated.
INFO: [runtcl-4] Executing : report_utilization -file top_utilization_synth.rpt -pb top_utilization_synth.pb
report_utilization: Time (s): cpu = 00:00:00.11 ; elapsed = 00:00:00.16 . Memory (MB): peak = 1781.770 ; gain = 0.000 ; free physical = 1179 ; free virtual = 56275
INFO: [Common 17-206] Exiting Vivado at Thu May  9 10:15:24 2019...
